C51 COMPILER V9.50a   DELAY                                                                04/16/2015 14:34:21 PAGE 1   


C51 COMPILER V9.50a, COMPILATION OF MODULE DELAY
OBJECT MODULE PLACED IN delay.OBJ
COMPILER INVOKED BY: C:\Keil\C51\BIN\C51.EXE delay.c ROM(SMALL) BROWSE DEBUG OBJECTEXTEND

line level    source

   1          #include "delay.h"
   2          
   3          void delay_us(unsigned int us)          //@12.000MHz
   4          {
   5   1              unsigned int i = us * 3;
   6   1              while (--i);
   7   1      }


MODULE INFORMATION:   STATIC OVERLAYABLE
   CODE SIZE        =     16    ----
   CONSTANT SIZE    =   ----    ----
   XDATA SIZE       =   ----    ----
   PDATA SIZE       =   ----    ----
   DATA SIZE        =   ----    ----
   IDATA SIZE       =   ----    ----
   BIT SIZE         =   ----    ----
END OF MODULE INFORMATION.


C51 COMPILATION COMPLETE.  0 WARNING(S),  0 ERROR(S)
