C51 COMPILER V9.50a   DISPLAY                                                              04/16/2015 14:34:22 PAGE 1   


C51 COMPILER V9.50a, COMPILATION OF MODULE DISPLAY
OBJECT MODULE PLACED IN display.OBJ
COMPILER INVOKED BY: C:\Keil\C51\BIN\C51.EXE display.c ROM(SMALL) BROWSE DEBUG OBJECTEXTEND

line level    source

   1          #include "display.h"
   2          #include "delay.h"
   3          
   4          //**************温度小数部分用查表法***********//
   5          unsigned char code ditab[16] = {0x00,0x01,0x01,0x02,0x03,0x03,0x04,0x04,0x05,0x06,0x06,0x07,0x08,0x08,0x09
             -,0x09};
   6          unsigned char code dis_7[12]={0xc0,0xf9,0xa4,0xb0,0x99,0x92,0x82,0xf8,0x80,0x90,0xff,0xbf};
   7          //共阳LED段码表        "0"  "1"  "2"  "3"  "4"  "5"  "6"  "7"  "8"  "9" "不亮" "-"      
   8          unsigned char code scan_con[4]={0x7f,0xbf,0xdf,0xef};    //列扫描控制字
   9          
  10          unsigned char display[5]={0x00,0x00,0x00,0x00,0x00};     //显示单元数据，共4个数据和一个运算暂用
  11          
  12          void DISPLAY_Init(void)
  13          {
  14   1              DIS_DATA = 0xff;    //初始化端口
  15   1              DIS_SCAN = 0xff;
  16   1              //for(h = 0; h<4;h++){display[h]=8;}//开机显示8888
  17   1              //      for(h=0;h<500;h++)
  18   1              //              {scan();}          //开机显示"8888"2秒
  19   1      }
  20          
  21          void DISPLAY_Scan(void)
  22          {
  23   1      //char k;
  24   1      //    for(k=0;k<4;k++)         //四位LED扫描控制
  25   1      //     {
  26   1      //       DIS_DATA=0xff;
  27   1      //      DIS_DATA=dis_7[display[k]];
  28   1      //      if(k==1){DIN=0;}
  29   1      //      DIS_SCAN=scan_con[k];delay(90);
  30   1      //        DIS_SCAN=0xff;
  31   1      //     }
  32   1      }


MODULE INFORMATION:   STATIC OVERLAYABLE
   CODE SIZE        =      8    ----
   CONSTANT SIZE    =     32    ----
   XDATA SIZE       =   ----    ----
   PDATA SIZE       =   ----    ----
   DATA SIZE        =      5    ----
   IDATA SIZE       =   ----    ----
   BIT SIZE         =   ----    ----
END OF MODULE INFORMATION.


C51 COMPILATION COMPLETE.  0 WARNING(S),  0 ERROR(S)
