C51 COMPILER V9.50a   MAIN                                                                 04/15/2015 12:52:09 PAGE 1   


C51 COMPILER V9.50a, COMPILATION OF MODULE MAIN
OBJECT MODULE PLACED IN main.OBJ
COMPILER INVOKED BY: C:\Keil\C51\BIN\C51.EXE main.c ROM(SMALL) BROWSE DEBUG OBJECTEXTEND

line level    source

   1          #include <STC89C5xRC.h>
   2          
   3          volatile unsigned long microSecond;
   4                  
   5          void Timer0Init(void);
   6          void UartInit(void);
   7          void SendData(unsigned char byte);
   8          void SendString(unsigned char *str);
   9          
  10          void main()
  11          {
  12   1              microSecond = 0;
  13   1              
  14   1              Timer0Init();
  15   1              UartInit();
  16   1              SendString("STC11F02 TDisplay.\r\n");
  17   1              while(1)
  18   1              {
  19   2              }
  20   1      }
  21          
  22          void Timer0Init(void)   //1微秒@12.000MHz
  23          {
  24   1              AUXR |= 0x80;           //定时器时钟1T模式
  25   1              TMOD &= 0xF0;           //设置定时器模式
  26   1              TMOD |= 0x02;           //设置定时器模式
  27   1              TL0 = 0xF4;                     //设置定时初值
  28   1              TH0 = 0xF4;                     //设置定时重载值
  29   1              TF0 = 0;                        //清除TF0标志
  30   1              TR0 = 1;                        //定时器0开始计时
  31   1      }
  32          
  33          void Timer0_Isr() interrupt 1 using 1
  34          {
  35   1              microSecond++;
  36   1      }
  37          
  38          void UartInit(void)             //9600bps@12.000MHz
  39          {
  40   1              PCON &= 0x7F;           //波特率不倍速
  41   1              SCON = 0x50;            //8位数据,可变波特率
  42   1              AUXR |= 0x40;           //定时器1时钟为Fosc,即1T
  43   1              AUXR &= 0xFE;           //串口1选择定时器1为波特率发生器
  44   1              TMOD &= 0x0F;           //清除定时器1模式位
  45   1              TMOD |= 0x20;           //设定定时器1为8位自动重装方式
  46   1              TL1 = 0xD9;                     //设定定时初值
  47   1              TH1 = 0xD9;                     //设定定时器重装值
  48   1              //ET1 = 0;                      //禁止定时器1中断
  49   1              TR1 = 1;                        //启动定时器1
  50   1              ES = 1;
  51   1              EA = 1;
  52   1      }
  53          
  54          void Uart_Isr() interrupt 4 using 2
  55          {
C51 COMPILER V9.50a   MAIN                                                                 04/15/2015 12:52:09 PAGE 2   

  56   1          if (RI)
  57   1          {
  58   2              RI = 0;             //Clear receive interrupt flag
  59   2                      SendData(SBUF);
  60   2          }
  61   1      }
  62          
  63          void SendData(unsigned char byte)
  64          {
  65   1              SBUF = byte;   
  66   1          while(TI == 0);   
  67   1          TI = 0;
  68   1      }
  69          
  70          void SendString(unsigned char *str)
  71          {
  72   1          while(*str) SendData(*str++);
  73   1      }


MODULE INFORMATION:   STATIC OVERLAYABLE
   CODE SIZE        =    186    ----
   CONSTANT SIZE    =     21    ----
   XDATA SIZE       =   ----    ----
   PDATA SIZE       =   ----    ----
   DATA SIZE        =      4       3
   IDATA SIZE       =   ----    ----
   BIT SIZE         =   ----    ----
END OF MODULE INFORMATION.


C51 COMPILATION COMPLETE.  0 WARNING(S),  0 ERROR(S)
