C51 COMPILER V9.50a   TIME0                                                                04/16/2015 14:34:21 PAGE 1   


C51 COMPILER V9.50a, COMPILATION OF MODULE TIME0
OBJECT MODULE PLACED IN time0.OBJ
COMPILER INVOKED BY: C:\Keil\C51\BIN\C51.EXE time0.c ROM(SMALL) BROWSE DEBUG OBJECTEXTEND

line level    source

   1          #include "time0.h"
   2          
   3          volatile unsigned long microSecond;
   4          
   5          void TIME0_ISR() interrupt 1 using 1
   6          {
   7   1              microSecond++;
   8   1      }
   9          
  10          void TIME0_Init(void)   //1微秒@12.000MHz
  11          {
  12   1              microSecond = 0;
  13   1              
  14   1              AUXR |= 0x80;           //定时器时钟1T模式
  15   1              TMOD &= 0xF0;           //设置定时器模式
  16   1              TMOD |= 0x02;           //设置定时器模式
  17   1              TL0 = 0xF4;                     //设置定时初值
  18   1              TH0 = 0xF4;                     //设置定时重载值
  19   1              TF0 = 0;                        //清除TF0标志
  20   1              TR0 = 1;                        //定时器0开始计时
  21   1      }
  22          
  23          //unsigned long TIME0_GetCurrentMicroSecond(void)
  24          //{
  25          //      return microSecond;
  26          //}


MODULE INFORMATION:   STATIC OVERLAYABLE
   CODE SIZE        =     66    ----
   CONSTANT SIZE    =   ----    ----
   XDATA SIZE       =   ----    ----
   PDATA SIZE       =   ----    ----
   DATA SIZE        =      4    ----
   IDATA SIZE       =   ----    ----
   BIT SIZE         =   ----    ----
END OF MODULE INFORMATION.


C51 COMPILATION COMPLETE.  0 WARNING(S),  0 ERROR(S)
